<?xml version="1.0" encoding="UTF-8"?>
<testsuite xmlns:xsi="http://www.w3.org/2001/XMLSchema-instance" xsi:noNamespaceSchemaLocation="https://maven.apache.org/surefire/maven-surefire-plugin/xsd/surefire-test-report.xsd" name="com.qap1_ssquire.AccountTest" time="0.015" tests="3" errors="0" skipped="0" failures="0">
  <properties>
    <property name="java.specification.version" value="17"/>
    <property name="sun.jnu.encoding" value="UTF-8"/>
    <property name="java.class.path" value="/Users/keyinstudent/SemesterFourMain/Assignments/QAP1_DesignArchitectureTesting_SSquire/qap1_ssquire/target/test-classes:/Users/keyinstudent/SemesterFourMain/Assignments/QAP1_DesignArchitectureTesting_SSquire/qap1_ssquire/target/classes:/Users/keyinstudent/.m2/repository/junit/junit/4.11/junit-4.11.jar:/Users/keyinstudent/.m2/repository/org/hamcrest/hamcrest-core/1.3/hamcrest-core-1.3.jar:"/>
    <property name="java.vm.vendor" value="Eclipse Adoptium"/>
    <property name="sun.arch.data.model" value="64"/>
    <property name="java.vendor.url" value="https://adoptium.net/"/>
    <property name="os.name" value="Mac OS X"/>
    <property name="java.vm.specification.version" value="17"/>
    <property name="sun.java.launcher" value="SUN_STANDARD"/>
    <property name="user.country" value="CA"/>
    <property name="sun.boot.library.path" value="/Library/Java/JavaVirtualMachines/temurin-17.jdk/Contents/Home/lib"/>
    <property name="sun.java.command" value="/Users/keyinstudent/SemesterFourMain/Assignments/QAP1_DesignArchitectureTesting_SSquire/qap1_ssquire/target/surefire/surefirebooter5204829108076287.jar /Users/keyinstudent/SemesterFourMain/Assignments/QAP1_DesignArchitectureTesting_SSquire/qap1_ssquire/target/surefire 2022-05-25T11-06-24_827-jvmRun1 surefire2090795196802445240tmp surefire_011476406850391777939tmp"/>
    <property name="http.nonProxyHosts" value="local|*.local|169.254/16|*.169.254/16"/>
    <property name="jdk.debug" value="release"/>
    <property name="surefire.test.class.path" value="/Users/keyinstudent/SemesterFourMain/Assignments/QAP1_DesignArchitectureTesting_SSquire/qap1_ssquire/target/test-classes:/Users/keyinstudent/SemesterFourMain/Assignments/QAP1_DesignArchitectureTesting_SSquire/qap1_ssquire/target/classes:/Users/keyinstudent/.m2/repository/junit/junit/4.11/junit-4.11.jar:/Users/keyinstudent/.m2/repository/org/hamcrest/hamcrest-core/1.3/hamcrest-core-1.3.jar:"/>
    <property name="sun.cpu.endian" value="little"/>
    <property name="user.home" value="/Users/keyinstudent"/>
    <property name="user.language" value="en"/>
    <property name="java.specification.vendor" value="Oracle Corporation"/>
    <property name="java.version.date" value="2022-01-18"/>
    <property name="java.home" value="/Library/Java/JavaVirtualMachines/temurin-17.jdk/Contents/Home"/>
    <property name="file.separator" value="/"/>
    <property name="basedir" value="/Users/keyinstudent/SemesterFourMain/Assignments/QAP1_DesignArchitectureTesting_SSquire/qap1_ssquire"/>
    <property name="java.vm.compressedOopsMode" value="Zero based"/>
    <property name="line.separator" value="&#10;"/>
    <property name="java.specification.name" value="Java Platform API Specification"/>
    <property name="java.vm.specification.vendor" value="Oracle Corporation"/>
    <property name="surefire.real.class.path" value="/Users/keyinstudent/SemesterFourMain/Assignments/QAP1_DesignArchitectureTesting_SSquire/qap1_ssquire/target/surefire/surefirebooter5204829108076287.jar"/>
    <property name="sun.management.compiler" value="HotSpot 64-Bit Tiered Compilers"/>
    <property name="ftp.nonProxyHosts" value="local|*.local|169.254/16|*.169.254/16"/>
    <property name="java.runtime.version" value="17.0.2+8"/>
    <property name="user.name" value="keyinstudent"/>
    <property name="path.separator" value=":"/>
    <property name="os.version" value="11.5.2"/>
    <property name="java.runtime.name" value="OpenJDK Runtime Environment"/>
    <property name="file.encoding" value="UTF-8"/>
    <property name="java.vm.name" value="OpenJDK 64-Bit Server VM"/>
    <property name="java.vendor.version" value="Temurin-17.0.2+8"/>
    <property name="localRepository" value="/Users/keyinstudent/.m2/repository"/>
    <property name="java.vendor.url.bug" value="https://github.com/adoptium/adoptium-support/issues"/>
    <property name="java.io.tmpdir" value="/var/folders/k5/65z1d4lx76zgxh9y59s9rsmc0000gp/T/"/>
    <property name="java.version" value="17.0.2"/>
    <property name="user.dir" value="/Users/keyinstudent/SemesterFourMain/Assignments/QAP1_DesignArchitectureTesting_SSquire/qap1_ssquire"/>
    <property name="os.arch" value="aarch64"/>
    <property name="java.vm.specification.name" value="Java Virtual Machine Specification"/>
    <property name="native.encoding" value="UTF-8"/>
    <property name="java.library.path" value="/Users/keyinstudent/Library/Java/Extensions:/Library/Java/Extensions:/Network/Library/Java/Extensions:/System/Library/Java/Extensions:/usr/lib/java:."/>
    <property name="java.vm.info" value="mixed mode"/>
    <property name="java.vendor" value="Eclipse Adoptium"/>
    <property name="java.vm.version" value="17.0.2+8"/>
    <property name="sun.io.unicode.encoding" value="UnicodeBig"/>
    <property name="socksNonProxyHosts" value="local|*.local|169.254/16|*.169.254/16"/>
    <property name="java.class.version" value="61.0"/>
  </properties>
  <testcase name="testAccountClassExists" classname="com.qap1_ssquire.AccountTest" time="0.001"/>
  <testcase name="testAccountBalanceConstraint" classname="com.qap1_ssquire.AccountTest" time="0"/>
  <testcase name="testAccountConstructors" classname="com.qap1_ssquire.AccountTest" time="0"/>
</testsuite>